<?xml version="1.0" encoding="UTF-8"?>
<!-- Generated by org.testng.reporters.JUnitReportReporter -->
<testsuite skipped="0" hostname="OF011DT3NSMD6NI" name="Tests.AddBookTest" tests="1" failures="0" timestamp="2022-03-05T04:59:25 CST" time="2.252" errors="0">
  <testcase name="addBook" time="2.252" classname="Tests.AddBookTest"/>
  <system-out/>
</testsuite> <!-- Tests.AddBookTest -->
