<?xml version="1.0" encoding="UTF-8"?>
<!-- Generated by org.testng.reporters.JUnitReportReporter -->
<testsuite skipped="0" hostname="OF011DT3NSMD6NI" name="WorkshopUshaFiles.GetSingleUser" tests="1" failures="0" timestamp="2022-03-05T04:07:36 CST" time="3.096" errors="0">
  <testcase name="testGetSignleUser" time="3.096" classname="WorkshopUshaFiles.GetSingleUser"/>
  <system-out/>
</testsuite> <!-- WorkshopUshaFiles.GetSingleUser -->
