<?xml version="1.0" encoding="UTF-8"?>
<!-- Generated by org.testng.reporters.JUnitReportReporter -->
<testsuite skipped="0" hostname="OF011DT3NSMD6NI" name="Tests.AddBookTest_ExcelDriven" tests="1" failures="0" timestamp="2022-03-26T23:38:16 CDT" time="2.496" errors="0">
  <testcase name="addBook" time="2.496" classname="Tests.AddBookTest_ExcelDriven"/>
  <system-out/>
</testsuite> <!-- Tests.AddBookTest_ExcelDriven -->
