<?xml version="1.0" encoding="UTF-8"?>
<!-- Generated by org.testng.reporters.JUnitReportReporter -->
<testsuite skipped="0" hostname="OF011DT3NSMD6NI" name="WorkshopFiles.ListUser" tests="1" failures="0" timestamp="2022-03-05T04:05:37 CST" time="3.214" errors="0">
  <testcase name="testListUser" time="3.214" classname="WorkshopFiles.ListUser"/>
  <system-out/>
</testsuite> <!-- WorkshopFiles.ListUser -->
