<?xml version="1.0" encoding="UTF-8"?>
<!-- Generated by org.testng.reporters.JUnitReportReporter -->
<testsuite skipped="0" hostname="OF011DT3NSMD6NI" name="Tests.DataProviderExample" tests="3" failures="0" timestamp="2022-03-05T05:08:10 CST" time="2.405" errors="0">
  <testcase name="addBook" time="0.282" classname="Tests.DataProviderExample"/>
  <system-out/>
  <testcase name="addBook" time="1.801" classname="Tests.DataProviderExample"/>
  <system-out/>
  <testcase name="addBook" time="0.322" classname="Tests.DataProviderExample"/>
  <system-out/>
</testsuite> <!-- Tests.DataProviderExample -->
